<?xml version="1.0" encoding="UTF-8"?>
<!-- Generated by org.testng.reporters.JUnitReportReporter -->
<testsuite hostname="MahmudaLaptop" failures="0" tests="4" name="testPages.HomePageTest" time="6.242" errors="0" timestamp="2023-01-02T21:54:30 EST" skipped="3">
  <testcase classname="testPages.HomePageTest" name="sendKeysInSearchengine02Test" time="6.242"/>
  <system-out/>
  <testcase classname="testPages.HomePageTest" name="clickSignInButtonTest">
    <skipped/>
  </testcase> <!-- clickSignInButtonTest -->
  <system-out/>
  <testcase classname="testPages.HomePageTest" name="clickLogoElement01Test">
    <skipped/>
  </testcase> <!-- clickLogoElement01Test -->
  <system-out/>
  <testcase classname="testPages.HomePageTest" name="sendKeysInSearchengineTest">
    <skipped/>
  </testcase> <!-- sendKeysInSearchengineTest -->
  <system-out/>
</testsuite> <!-- testPages.HomePageTest -->
